{"D:\\โปรเจคgosoft\\software-newtest\\src\\components\\button\\Button.tsx": {"path":"D:\\โปรเจคgosoft\\software-newtest\\src\\components\\button\\Button.tsx","statementMap":{"0":{"start":{"line":10,"column":13},"end":{"line":23,"column":null}},"1":{"start":{"line":10,"column":45},"end":{"line":10,"column":46}},"2":{"start":{"line":10,"column":46},"end":{"line":10,"column":null}},"3":{"start":{"line":13,"column":2},"end":{"line":13,"column":null}},"4":{"start":{"line":14,"column":2},"end":{"line":14,"column":null}},"5":{"start":{"line":18,"column":4},"end":{"line":18,"column":16}},"6":{"start":{"line":24,"column":17},"end":{"line":24,"column":98}},"7":{"start":{"line":24,"column":98},"end":{"line":29,"column":null}},"8":{"start":{"line":23,"column":4},"end":{"line":29,"column":null}},"9":{"start":{"line":29,"column":13},"end":{"line":29,"column":null}},"10":{"start":{"line":29,"column":13},"end":{"line":23,"column":null}}},"fnMap":{"0":{"name":"(anonymous_0)","decl":{"start":{"line":10,"column":13},"end":{"line":10,"column":45}},"loc":{"start":{"line":10,"column":45},"end":{"line":23,"column":null}},"line":10}},"branchMap":{"0":{"loc":{"start":{"line":13,"column":2},"end":{"line":13,"column":null}},"type":"cond-expr","locations":[{"start":{"line":13,"column":2},"end":{"line":13,"column":null}},{"start":{"line":13,"column":2},"end":{"line":13,"column":null}}],"line":13},"1":{"loc":{"start":{"line":14,"column":2},"end":{"line":14,"column":null}},"type":"cond-expr","locations":[{"start":{"line":14,"column":2},"end":{"line":14,"column":null}},{"start":{"line":14,"column":2},"end":{"line":14,"column":null}}],"line":14},"2":{"loc":{"start":{"line":18,"column":4},"end":{"line":18,"column":16}},"type":"cond-expr","locations":[{"start":{"line":18,"column":4},"end":{"line":18,"column":16}},{"start":{"line":18,"column":4},"end":{"line":18,"column":16}}],"line":18},"3":{"loc":{"start":{"line":24,"column":49},"end":{"line":24,"column":98}},"type":"cond-expr","locations":[{"start":{"line":24,"column":49},"end":{"line":24,"column":98}},{"start":{"line":24,"column":49},"end":{"line":24,"column":98}}],"line":24},"4":{"loc":{"start":{"line":24,"column":98},"end":{"line":29,"column":null}},"type":"if","locations":[{"start":{"line":24,"column":98},"end":{"line":29,"column":null}},{"start":{"line":29,"column":13},"end":{"line":29,"column":null}}],"line":24},"5":{"loc":{"start":{"line":24,"column":98},"end":{"line":24,"column":null}},"type":"binary-expr","locations":[{"start":{"line":24,"column":98},"end":{"line":24,"column":null}},{"start":{"line":24,"column":98},"end":{"line":24,"column":null}},{"start":{"line":24,"column":98},"end":{"line":24,"column":null}},{"start":{"line":24,"column":98},"end":{"line":24,"column":null}}],"line":24}},"s":{"0":1,"1":4,"2":4,"3":4,"4":4,"5":4,"6":4,"7":4,"8":4,"9":0,"10":4},"f":{"0":4},"b":{"0":[3,1],"1":[3,1],"2":[3,1],"3":[1,3],"4":[4,0],"5":[4,0,0,0]},"meta":{"lastBranch":6,"lastFunction":1,"lastStatement":11,"seen":{"s:10:13:23:Infinity":0,"f:10:13:10:45":0,"s:10:45:10:46":1,"s:10:46:10:Infinity":2,"s:13:2:13:Infinity":3,"b:13:2:13:Infinity:13:2:13:Infinity":0,"s:14:2:14:Infinity":4,"b:14:2:14:Infinity:14:2:14:Infinity":1,"s:18:4:18:16":5,"b:18:4:18:16:18:4:18:16":2,"s:24:17:24:98":6,"b:24:49:24:98:24:49:24:98":3,"b:24:98:29:Infinity:29:13:29:Infinity":4,"s:24:98:29:Infinity":7,"b:24:98:24:Infinity:24:98:24:Infinity:24:98:24:Infinity:24:98:24:Infinity":5,"s:23:4:29:Infinity":8,"s:29:13:29:Infinity":9,"s:29:13:23:Infinity":10}}}
,"D:\\โปรเจคgosoft\\software-newtest\\src\\components\\header\\Header.tsx": {"path":"D:\\โปรเจคgosoft\\software-newtest\\src\\components\\header\\Header.tsx","statementMap":{"0":{"start":{"line":3,"column":13},"end":{"line":5,"column":22}},"1":{"start":{"line":3,"column":32},"end":{"line":3,"column":null}},"2":{"start":{"line":3,"column":32},"end":{"line":8,"column":null}},"3":{"start":{"line":5,"column":4},"end":{"line":8,"column":null}},"4":{"start":{"line":8,"column":13},"end":{"line":8,"column":null}},"5":{"start":{"line":8,"column":13},"end":{"line":5,"column":22}}},"fnMap":{"0":{"name":"(anonymous_0)","decl":{"start":{"line":3,"column":13},"end":{"line":3,"column":32}},"loc":{"start":{"line":3,"column":32},"end":{"line":5,"column":22}},"line":3}},"branchMap":{"0":{"loc":{"start":{"line":3,"column":32},"end":{"line":8,"column":null}},"type":"if","locations":[{"start":{"line":3,"column":32},"end":{"line":8,"column":null}},{"start":{"line":8,"column":13},"end":{"line":8,"column":null}}],"line":3}},"s":{"0":1,"1":3,"2":3,"3":3,"4":0,"5":3},"f":{"0":3},"b":{"0":[3,0]},"meta":{"lastBranch":1,"lastFunction":1,"lastStatement":6,"seen":{"s:3:13:5:22":0,"f:3:13:3:32":0,"s:3:32:3:Infinity":1,"b:3:32:8:Infinity:8:13:8:Infinity":0,"s:3:32:8:Infinity":2,"s:5:4:8:Infinity":3,"s:8:13:8:Infinity":4,"s:8:13:5:22":5}}}
,"D:\\โปรเจคgosoft\\software-newtest\\src\\components\\page\\Page.tsx": {"path":"D:\\โปรเจคgosoft\\software-newtest\\src\\components\\page\\Page.tsx","statementMap":{"0":{"start":{"line":8,"column":13},"end":{"line":10,"column":19}},"1":{"start":{"line":8,"column":41},"end":{"line":8,"column":42}},"2":{"start":{"line":8,"column":42},"end":{"line":8,"column":61}},"3":{"start":{"line":8,"column":61},"end":{"line":12,"column":null}},"4":{"start":{"line":12,"column":8},"end":{"line":12,"column":null}},"5":{"start":{"line":12,"column":74},"end":{"line":12,"column":null}},"6":{"start":{"line":12,"column":74},"end":{"line":13,"column":null}},"7":{"start":{"line":13,"column":8},"end":{"line":13,"column":null}},"8":{"start":{"line":13,"column":72},"end":{"line":13,"column":null}},"9":{"start":{"line":13,"column":72},"end":{"line":15,"column":null}},"10":{"start":{"line":10,"column":4},"end":{"line":15,"column":null}},"11":{"start":{"line":15,"column":10},"end":{"line":15,"column":null}},"12":{"start":{"line":15,"column":10},"end":{"line":10,"column":19}}},"fnMap":{"0":{"name":"(anonymous_0)","decl":{"start":{"line":8,"column":13},"end":{"line":8,"column":41}},"loc":{"start":{"line":8,"column":41},"end":{"line":10,"column":19}},"line":8}},"branchMap":{"0":{"loc":{"start":{"line":8,"column":61},"end":{"line":12,"column":null}},"type":"if","locations":[{"start":{"line":8,"column":61},"end":{"line":12,"column":null}},{"start":{"line":12,"column":74},"end":{"line":12,"column":null}}],"line":8},"1":{"loc":{"start":{"line":12,"column":74},"end":{"line":13,"column":null}},"type":"if","locations":[{"start":{"line":12,"column":74},"end":{"line":13,"column":null}},{"start":{"line":13,"column":72},"end":{"line":13,"column":null}}],"line":12},"2":{"loc":{"start":{"line":13,"column":72},"end":{"line":15,"column":null}},"type":"if","locations":[{"start":{"line":13,"column":72},"end":{"line":15,"column":null}},{"start":{"line":15,"column":10},"end":{"line":15,"column":null}}],"line":13},"3":{"loc":{"start":{"line":13,"column":72},"end":{"line":13,"column":null}},"type":"binary-expr","locations":[{"start":{"line":13,"column":72},"end":{"line":13,"column":null}},{"start":{"line":13,"column":72},"end":{"line":13,"column":null}}],"line":13}},"s":{"0":1,"1":3,"2":3,"3":3,"4":3,"5":0,"6":3,"7":3,"8":0,"9":3,"10":3,"11":0,"12":3},"f":{"0":3},"b":{"0":[3,0],"1":[3,0],"2":[3,0],"3":[3,0]},"meta":{"lastBranch":4,"lastFunction":1,"lastStatement":13,"seen":{"s:8:13:10:19":0,"f:8:13:8:41":0,"s:8:41:8:42":1,"s:8:42:8:61":2,"b:8:61:12:Infinity:12:74:12:Infinity":0,"s:8:61:12:Infinity":3,"s:12:8:12:Infinity":4,"s:12:74:12:Infinity":5,"b:12:74:13:Infinity:13:72:13:Infinity":1,"s:12:74:13:Infinity":6,"s:13:8:13:Infinity":7,"s:13:72:13:Infinity":8,"b:13:72:15:Infinity:15:10:15:Infinity":2,"s:13:72:15:Infinity":9,"b:13:72:13:Infinity:13:72:13:Infinity":3,"s:10:4:15:Infinity":10,"s:15:10:15:Infinity":11,"s:15:10:10:19":12}}}
,"D:\\โปรเจคgosoft\\software-newtest\\src\\components\\textbox\\Textbox.tsx": {"path":"D:\\โปรเจคgosoft\\software-newtest\\src\\components\\textbox\\Textbox.tsx","statementMap":{"0":{"start":{"line":12,"column":13},"end":{"line":21,"column":19}},"1":{"start":{"line":12,"column":47},"end":{"line":12,"column":48}},"2":{"start":{"line":12,"column":48},"end":{"line":12,"column":null}},"3":{"start":{"line":14,"column":2},"end":{"line":14,"column":null}},"4":{"start":{"line":16,"column":2},"end":{"line":16,"column":null}},"5":{"start":{"line":17,"column":2},"end":{"line":17,"column":null}},"6":{"start":{"line":18,"column":2},"end":{"line":18,"column":10}},"7":{"start":{"line":18,"column":10},"end":{"line":26,"column":null}},"8":{"start":{"line":22,"column":7},"end":{"line":26,"column":null}},"9":{"start":{"line":26,"column":7},"end":{"line":26,"column":null}},"10":{"start":{"line":26,"column":7},"end":{"line":29,"column":null}},"11":{"start":{"line":29,"column":18},"end":{"line":29,"column":null}},"12":{"start":{"line":29,"column":25},"end":{"line":29,"column":51}},"13":{"start":{"line":29,"column":51},"end":{"line":29,"column":null}},"14":{"start":{"line":29,"column":51},"end":{"line":34,"column":null}},"15":{"start":{"line":27,"column":6},"end":{"line":34,"column":null}},"16":{"start":{"line":34,"column":8},"end":{"line":34,"column":null}},"17":{"start":{"line":34,"column":8},"end":{"line":35,"column":null}},"18":{"start":{"line":21,"column":4},"end":{"line":35,"column":null}},"19":{"start":{"line":35,"column":10},"end":{"line":35,"column":null}},"20":{"start":{"line":35,"column":10},"end":{"line":21,"column":19}}},"fnMap":{"0":{"name":"(anonymous_0)","decl":{"start":{"line":12,"column":13},"end":{"line":12,"column":47}},"loc":{"start":{"line":12,"column":47},"end":{"line":21,"column":19}},"line":12},"1":{"name":"(anonymous_1)","decl":{"start":{"line":29,"column":18},"end":{"line":29,"column":25}},"loc":{"start":{"line":29,"column":25},"end":{"line":29,"column":51}},"line":29}},"branchMap":{"0":{"loc":{"start":{"line":14,"column":2},"end":{"line":14,"column":null}},"type":"cond-expr","locations":[{"start":{"line":14,"column":2},"end":{"line":14,"column":null}},{"start":{"line":14,"column":2},"end":{"line":14,"column":null}}],"line":14},"1":{"loc":{"start":{"line":16,"column":2},"end":{"line":16,"column":null}},"type":"cond-expr","locations":[{"start":{"line":16,"column":2},"end":{"line":16,"column":null}},{"start":{"line":16,"column":2},"end":{"line":16,"column":null}}],"line":16},"2":{"loc":{"start":{"line":17,"column":2},"end":{"line":17,"column":null}},"type":"cond-expr","locations":[{"start":{"line":17,"column":2},"end":{"line":17,"column":null}},{"start":{"line":17,"column":2},"end":{"line":17,"column":null}}],"line":17},"3":{"loc":{"start":{"line":18,"column":2},"end":{"line":18,"column":10}},"type":"cond-expr","locations":[{"start":{"line":18,"column":2},"end":{"line":18,"column":10}},{"start":{"line":18,"column":2},"end":{"line":18,"column":10}}],"line":18},"4":{"loc":{"start":{"line":18,"column":10},"end":{"line":26,"column":null}},"type":"if","locations":[{"start":{"line":18,"column":10},"end":{"line":26,"column":null}},{"start":{"line":26,"column":7},"end":{"line":26,"column":null}}],"line":18},"5":{"loc":{"start":{"line":22,"column":7},"end":{"line":26,"column":null}},"type":"binary-expr","locations":[{"start":{"line":22,"column":7},"end":{"line":22,"column":null}},{"start":{"line":23,"column":8},"end":{"line":26,"column":null}}],"line":22},"6":{"loc":{"start":{"line":26,"column":7},"end":{"line":29,"column":null}},"type":"if","locations":[{"start":{"line":26,"column":7},"end":{"line":29,"column":null}},{"start":{"line":29,"column":51},"end":{"line":29,"column":null}}],"line":26},"7":{"loc":{"start":{"line":29,"column":51},"end":{"line":34,"column":null}},"type":"if","locations":[{"start":{"line":29,"column":51},"end":{"line":34,"column":null}},{"start":{"line":34,"column":8},"end":{"line":34,"column":null}}],"line":29},"8":{"loc":{"start":{"line":29,"column":51},"end":{"line":29,"column":null}},"type":"binary-expr","locations":[{"start":{"line":29,"column":51},"end":{"line":29,"column":null}},{"start":{"line":29,"column":51},"end":{"line":29,"column":null}},{"start":{"line":29,"column":51},"end":{"line":29,"column":null}},{"start":{"line":29,"column":51},"end":{"line":29,"column":null}},{"start":{"line":29,"column":51},"end":{"line":29,"column":null}}],"line":29},"9":{"loc":{"start":{"line":34,"column":8},"end":{"line":35,"column":null}},"type":"if","locations":[{"start":{"line":34,"column":8},"end":{"line":35,"column":null}},{"start":{"line":35,"column":10},"end":{"line":35,"column":null}}],"line":34},"10":{"loc":{"start":{"line":34,"column":8},"end":{"line":34,"column":null}},"type":"binary-expr","locations":[{"start":{"line":34,"column":8},"end":{"line":34,"column":null}},{"start":{"line":34,"column":8},"end":{"line":34,"column":null}}],"line":34}},"s":{"0":1,"1":5,"2":5,"3":5,"4":5,"5":5,"6":5,"7":5,"8":5,"9":0,"10":5,"11":5,"12":1,"13":0,"14":5,"15":5,"16":0,"17":5,"18":5,"19":0,"20":5},"f":{"0":5,"1":1},"b":{"0":[5,0],"1":[4,1],"2":[4,1],"3":[5,0],"4":[5,0],"5":[5,1],"6":[5,0],"7":[5,0],"8":[5,0,0,0,0],"9":[5,0],"10":[5,0]},"meta":{"lastBranch":11,"lastFunction":2,"lastStatement":21,"seen":{"s:12:13:21:19":0,"f:12:13:12:47":0,"s:12:47:12:48":1,"s:12:48:12:Infinity":2,"s:14:2:14:Infinity":3,"b:14:2:14:Infinity:14:2:14:Infinity":0,"s:16:2:16:Infinity":4,"b:16:2:16:Infinity:16:2:16:Infinity":1,"s:17:2:17:Infinity":5,"b:17:2:17:Infinity:17:2:17:Infinity":2,"s:18:2:18:10":6,"b:18:2:18:10:18:2:18:10":3,"b:18:10:26:Infinity:26:7:26:Infinity":4,"s:18:10:26:Infinity":7,"s:22:7:26:Infinity":8,"b:22:7:22:Infinity:23:8:26:Infinity":5,"s:26:7:26:Infinity":9,"b:26:7:29:Infinity:29:51:29:Infinity":6,"s:26:7:29:Infinity":10,"s:29:18:29:Infinity":11,"f:29:18:29:25":1,"s:29:25:29:51":12,"s:29:51:29:Infinity":13,"b:29:51:34:Infinity:34:8:34:Infinity":7,"s:29:51:34:Infinity":14,"b:29:51:29:Infinity:29:51:29:Infinity:29:51:29:Infinity:29:51:29:Infinity:29:51:29:Infinity":8,"s:27:6:34:Infinity":15,"s:34:8:34:Infinity":16,"b:34:8:35:Infinity:35:10:35:Infinity":9,"s:34:8:35:Infinity":17,"b:34:8:34:Infinity:34:8:34:Infinity":10,"s:21:4:35:Infinity":18,"s:35:10:35:Infinity":19,"s:35:10:21:19":20}}}
}
